<?xml version="1.0" encoding="UTF-8"?>
<!-- Generated by org.testng.reporters.JUnitReportReporter -->
<testsuite hostname="VijayaSachinLaptop" name="MyRunner.MyRunner" tests="1" failures="0" timestamp="10 Apr 2020 19:47:53 GMT" time="51.316" errors="0">
  <testcase name="feature" time="51.316" classname="MyRunner.MyRunner"/>
</testsuite> <!-- MyRunner.MyRunner -->
