<?xml version="1.0" encoding="UTF-8"?>
<!-- Generated by org.testng.reporters.JUnitReportReporter -->
<testsuite hostname="VijayaSachinLaptop" name="MyRunner.MyRunner" tests="1" failures="0" timestamp="10 Apr 2020 09:26:04 GMT" time="47.274" errors="0">
  <testcase name="feature" time="47.274" classname="MyRunner.MyRunner"/>
</testsuite> <!-- MyRunner.MyRunner -->
