<?xml version="1.0" encoding="UTF-8"?>
<!-- Generated by org.testng.reporters.JUnitReportReporter -->
<testsuite hostname="VijayaSachinLaptop" name="MyRunner.MyRunner" tests="1" failures="0" timestamp="11 Apr 2020 08:29:35 GMT" time="67.513" errors="0">
  <testcase name="feature" time="67.513" classname="MyRunner.MyRunner"/>
</testsuite> <!-- MyRunner.MyRunner -->
